[debug] [2025-08-08T05:46:23.166Z] ----------------------------------------------------------------------
[debug] [2025-08-08T05:46:23.195Z] Command:       /nix/store/qds3rzxwqrkvhzjxgcb95d2qx4sd9b1l-nodejs-20.11.1/bin/node /home/user/.global_modules/bin/firebase init
[debug] [2025-08-08T05:46:23.196Z] CLI Version:   14.12.0
[debug] [2025-08-08T05:46:23.196Z] Platform:      linux
[debug] [2025-08-08T05:46:23.196Z] Node Version:  v20.11.1
[debug] [2025-08-08T05:46:23.196Z] Time:          Fri Aug 08 2025 05:46:23 GMT+0000 (Coordinated Universal Time)
[debug] [2025-08-08T05:46:23.196Z] ----------------------------------------------------------------------
[debug] 
[debug] [2025-08-08T05:46:23.199Z] >>> [apiv2][query] GET https://firebase-public.firebaseio.com/cli.json [none]
[debug] [2025-08-08T05:46:23.677Z] No OAuth tokens found
[debug] [2025-08-08T05:46:23.677Z] No OAuth tokens found
[error] Failed to fetch Firebase Project from current Studio Workspace: Unable to refresh auth: not yet authenticated.
[debug] [2025-08-08T05:46:23.682Z] > command requires scopes: ["email","openid","https://www.googleapis.com/auth/cloudplatformprojects.readonly","https://www.googleapis.com/auth/firebase","https://www.googleapis.com/auth/cloud-platform","https://www.googleapis.com/auth/userinfo.email"]
[debug] [2025-08-08T05:46:24.041Z] <<< [apiv2][status] GET https://firebase-public.firebaseio.com/cli.json 200
[debug] [2025-08-08T05:46:24.041Z] <<< [apiv2][body] GET https://firebase-public.firebaseio.com/cli.json {"cloudBuildErrorAfter":1594252800000,"cloudBuildWarnAfter":1590019200000,"defaultNode10After":1594252800000,"minVersion":"3.0.5","node8DeploysDisabledAfter":1613390400000,"node8RuntimeDisabledAfter":1615809600000,"node8WarnAfter":1600128000000}
[debug] [2025-08-08T05:46:55.365Z] Running auto auth
[info] 
     ######## #### ########  ######## ########     ###     ######  ########
     ##        ##  ##     ## ##       ##     ##  ##   ##  ##       ##
     ######    ##  ########  ######   ########  #########  ######  ######
     ##        ##  ##    ##  ##       ##     ## ##     ##       ## ##
     ##       #### ##     ## ######## ########  ##     ##  ######  ########

You're about to initialize a Firebase project in this directory:

  /home/user/IAL

Before we get started, keep in mind:

  * You are initializing within an existing Firebase project directory

